PFE - SATyr, version 0.1

[INFO]: size() -- IN
[INFO]: size() -- OUT
[INFO]: size() -- IN
[INFO]: size() -- OUT
[INFO]: size() -- IN
[INFO]: size() -- OUT
[INFO]: size() -- IN
[INFO]: size() -- OUT
[INFO]: size() -- IN
[INFO]: size() -- OUT
[INFO]: size() -- IN
[INFO]: size() -- OUT
[INFO]: size() -- IN
[INFO]: size() -- OUT
[INFO]: size() -- IN
[INFO]: size() -- OUT
[INFO]: size() -- IN
[INFO]: size() -- OUT
[INFO]: size() -- IN
[INFO]: size() -- OUT
[INFO]: size() -- IN
[INFO]: size() -- OUT
[INFO]: size() -- IN
[INFO]: size() -- OUT
[INFO]: size() -- IN
[INFO]: size() -- OUT
[INFO]: size() -- IN
[INFO]: size() -- OUT
[INFO]: size() -- IN
[INFO]: size() -- OUT
[INFO]: size() -- IN
[INFO]: size() -- OUT
[INFO]: size() -- IN
[INFO]: size() -- OUT
[INFO]: size() -- IN
[INFO]: size() -- OUT
[INFO]: size() -- IN
[INFO]: size() -- OUT
[INFO]: size() -- IN
[INFO]: size() -- OUT
[INFO]: size() -- IN
[INFO]: size() -- OUT
[INFO]: size() -- IN
[INFO]: size() -- OUT
[INFO]: size() -- IN
[INFO]: size() -- OUT
[INFO]: size() -- IN
[INFO]: size() -- OUT
[INFO]: size() -- IN
[INFO]: size() -- OUT
[INFO]: size() -- IN
[INFO]: size() -- OUT
[INFO]: size() -- IN
[INFO]: size() -- OUT
[INFO]: size() -- IN
[INFO]: size() -- OUT
[INFO]: size() -- IN
[INFO]: size() -- OUT
[INFO]: size() -- IN
[INFO]: size() -- OUT
[INFO]: size() -- IN
[INFO]: size() -- OUT
[INFO]: size() -- IN
[INFO]: size() -- OUT
[INFO]: size() -- IN
[INFO]: size() -- OUT
[INFO]: size() -- IN
[INFO]: size() -- OUT
[INFO]: size() -- IN
[INFO]: size() -- OUT
[INFO]: size() -- IN
[INFO]: size() -- OUT
[INFO]: size() -- IN
[INFO]: size() -- OUT
[INFO]: size() -- IN
[INFO]: size() -- OUT
[INFO]: size() -- IN
[INFO]: size() -- OUT
[INFO]: size() -- IN
[INFO]: size() -- OUT
[INFO]: size() -- IN
[INFO]: size() -- OUT
[INFO]: size() -- IN
[INFO]: size() -- OUT
[INFO]: size() -- IN
[INFO]: size() -- OUT
[INFO]: size() -- IN
[INFO]: size() -- OUT
[INFO]: size() -- IN
[INFO]: size() -- OUT
[INFO]: size() -- IN
[INFO]: size() -- OUT
[INFO]: size() -- IN
[INFO]: size() -- OUT
[INFO]: size() -- IN
[INFO]: size() -- OUT
[INFO]: size() -- IN
[INFO]: size() -- OUT
[INFO]: size() -- IN
[INFO]: size() -- OUT
[INFO]: size() -- IN
[INFO]: size() -- OUT
[INFO]: size() -- IN
[INFO]: size() -- OUT
[INFO]: size() -- IN
[INFO]: size() -- OUT
[INFO]: size() -- IN
[INFO]: size() -- OUT
[INFO]: size() -- IN
[INFO]: size() -- OUT
[INFO]: size() -- IN
[INFO]: size() -- OUT
[INFO]: size() -- IN
[INFO]: size() -- OUT
[INFO]: size() -- IN
[INFO]: size() -- OUT
[INFO]: size() -- IN
[INFO]: size() -- OUT
[INFO]: size() -- IN
[INFO]: size() -- OUT
[INFO]: size() -- IN
[INFO]: size() -- OUT
[INFO]: size() -- IN
[INFO]: size() -- OUT
[INFO]: size() -- IN
[INFO]: size() -- OUT
[INFO]: size() -- IN
[INFO]: size() -- OUT
[INFO]: size() -- IN
[INFO]: size() -- OUT
[INFO]: size() -- IN
[INFO]: size() -- OUT
[INFO]: size() -- IN
[INFO]: size() -- OUT
[INFO]: size() -- IN
[INFO]: size() -- OUT
[INFO]: size() -- IN
[INFO]: size() -- OUT
[INFO]: size() -- IN
[INFO]: size() -- OUT
[INFO]: size() -- IN
[INFO]: size() -- OUT
[INFO]: size() -- IN
[INFO]: size() -- OUT
[INFO]: size() -- IN
[INFO]: size() -- OUT
[INFO]: size() -- IN
[INFO]: size() -- OUT
[INFO]: size() -- IN
[INFO]: size() -- OUT
[INFO]: size() -- IN
[INFO]: size() -- OUT
[INFO]: size() -- IN
[INFO]: size() -- OUT
[INFO]: size() -- IN
[INFO]: size() -- OUT
[INFO]: size() -- IN
[INFO]: size() -- OUT
[INFO]: size() -- IN
[INFO]: size() -- OUT
[INFO]: size() -- IN
[INFO]: size() -- OUT
[INFO]: size() -- IN
[INFO]: size() -- OUT
[INFO]: size() -- IN
[INFO]: size() -- OUT
[INFO]: size() -- IN
[INFO]: size() -- OUT
[INFO]: size() -- IN
[INFO]: size() -- OUT
[INFO]: size() -- IN
[INFO]: size() -- OUT
[INFO]: size() -- IN
[INFO]: size() -- OUT
[INFO]: size() -- IN
[INFO]: size() -- OUT
[INFO]: size() -- IN
[INFO]: size() -- OUT
[INFO]: size() -- IN
[INFO]: size() -- OUT
[INFO]: size() -- IN
[INFO]: size() -- OUT
[INFO]: size() -- IN
[INFO]: size() -- OUT
[INFO]: size() -- IN
[INFO]: size() -- OUT
[INFO]: size() -- IN
[INFO]: size() -- OUT
[INFO]: size() -- IN
[INFO]: size() -- OUT
[INFO]: size() -- IN
[INFO]: size() -- OUT
[INFO]: size() -- IN
[INFO]: size() -- OUT
[INFO]: size() -- IN
[INFO]: size() -- OUT
[INFO]: size() -- IN
[INFO]: size() -- OUT
[INFO]: size() -- IN
[INFO]: size() -- OUT
[INFO]: size() -- IN
[INFO]: size() -- OUT
[INFO]: size() -- IN
[INFO]: size() -- OUT
[INFO]: size() -- IN
[INFO]: size() -- OUT
[INFO]: size() -- IN
[INFO]: size() -- OUT
[INFO]: size() -- IN
[INFO]: size() -- OUT
[INFO]: size() -- IN
[INFO]: size() -- OUT
[INFO]: size() -- IN
[INFO]: size() -- OUT
[INFO]: size() -- IN
[INFO]: size() -- OUT
[INFO]: size() -- IN
[INFO]: size() -- OUT
[INFO]: size() -- IN
[INFO]: size() -- OUT
[INFO]: size() -- IN
[INFO]: size() -- OUT
[INFO]: size() -- IN
[INFO]: size() -- OUT
[INFO]: size() -- IN
[INFO]: size() -- OUT
[INFO]: size() -- IN
[INFO]: size() -- OUT
[INFO]: size() -- IN
[INFO]: size() -- OUT
[INFO]: size() -- IN
[INFO]: size() -- OUT
[INFO]: size() -- IN
[INFO]: size() -- OUT
[INFO]: size() -- IN
[INFO]: size() -- OUT
[INFO]: size() -- IN
[INFO]: size() -- OUT
[INFO]: size() -- IN
[INFO]: size() -- OUT
[INFO]: size() -- IN
[INFO]: size() -- OUT
[INFO]: size() -- IN
[INFO]: size() -- OUT
[INFO]: size() -- IN
[INFO]: size() -- OUT
[INFO]: size() -- IN
[INFO]: size() -- OUT
[INFO]: size() -- IN
[INFO]: size() -- OUT
[INFO]: size() -- IN
[INFO]: size() -- OUT
[INFO]: size() -- IN
[INFO]: size() -- OUT
[INFO]: size() -- IN
[INFO]: size() -- OUT
[INFO]: size() -- IN
[INFO]: size() -- OUT
[INFO]: size() -- IN
[INFO]: size() -- OUT
[INFO]: size() -- IN
[INFO]: size() -- OUT
[INFO]: size() -- IN
[INFO]: size() -- OUT
[INFO]: size() -- IN
[INFO]: size() -- OUT


0 warnings
0 errors
266 infos
